Arguments: 
  C:\Program Files\nodejs\node.exe C:\Users\Lucas Cherez SevenFy\AppData\Local\node\corepack\yarn\1.22.19\bin\yarn.js add @types/nod nodemon rimraf ts-node typescript -D

PATH: 
  C:\Program Files (x86)\RSA SecurID Token Common;C:\OracleDB\dbhomeXE\bin;C:\Program Files\Common Files\Oracle\Java\javapath;C:\Program Files (x86)\Common Files\Oracle\Java\javapath;C:\Windows\system32;C:\Windows;C:\Windows\System32\Wbem;C:\Windows\System32\WindowsPowerShell\v1.0\;C:\Windows\System32\OpenSSH\;C:\Program Files (x86)\NVIDIA Corporation\PhysX\Common;C:\Program Files\NVIDIA Corporation\NVIDIA NvDLISR;C:\WINDOWS\system32;C:\WINDOWS;C:\WINDOWS\System32\Wbem;C:\WINDOWS\System32\WindowsPowerShell\v1.0\;C:\WINDOWS\System32\OpenSSH\;C:\Program Files\Microsoft SQL Server\Client SDK\ODBC\170\Tools\Binn\;C:\Program Files (x86)\Microsoft SQL Server\150\Tools\Binn\;C:\Program Files\Microsoft SQL Server\150\Tools\Binn\;C:\Program Files\Microsoft SQL Server\150\DTS\Binn\;C:\Program Files (x86)\Microsoft SQL Server\150\DTS\Binn\;C:\Program Files\Azure Data Studio\bin;C:\Program Files\Git\cmd;C:\Program Files\nodejs\;C:\ProgramData\chocolatey\bin;C:\Program Files\Docker\Docker\resources\bin;C:\OracleDB\client_oracle11;C:\Users\Lucas Cherez SevenFy\AppData\Local\Programs\Python\Python310\Scripts\;C:\Users\Lucas Cherez SevenFy\AppData\Local\Programs\Python\Python310\;C:\Users\Lucas Cherez SevenFy\AppData\Local\Microsoft\WindowsApps;C:\Users\Lucas Cherez SevenFy\AppData\Local\Programs\Microsoft VS Code\bin;C:\Program Files\Azure Data Studio\bin;C:\Users\Lucas Cherez SevenFy\AppData\Roaming\npm;C:\Users\Lucas Cherez SevenFy\Documents\flutter\bin;C:\Users\Lucas Cherez SevenFy\AppData\Roaming\Python\Python310\Scripts;C:\Users\Lucas Cherez SevenFy\AppData\Local\Pub\Cache\bin;C:\php;

Yarn version: 
  1.22.19

Node version: 
  18.17.0

Platform: 
  win32 x64

Trace: 
  Error: https://registry.yarnpkg.com/@types%2fnod: Not found
      at params.callback [as _callback] (C:\Users\Lucas Cherez SevenFy\AppData\Local\node\corepack\yarn\1.22.19\lib\cli.js:66145:18)
      at self.callback (C:\Users\Lucas Cherez SevenFy\AppData\Local\node\corepack\yarn\1.22.19\lib\cli.js:140890:22)
      at Request.emit (node:events:514:28)
      at Request.<anonymous> (C:\Users\Lucas Cherez SevenFy\AppData\Local\node\corepack\yarn\1.22.19\lib\cli.js:141862:10)
      at Request.emit (node:events:514:28)
      at IncomingMessage.<anonymous> (C:\Users\Lucas Cherez SevenFy\AppData\Local\node\corepack\yarn\1.22.19\lib\cli.js:141784:12)
      at Object.onceWrapper (node:events:628:28)
      at IncomingMessage.emit (node:events:526:35)
      at endReadableNT (node:internal/streams/readable:1359:12)
      at process.processTicksAndRejections (node:internal/process/task_queues:82:21)

npm manifest: 
  {
    "name": "Login-JWT",
    "version": "1.0.0",
    
    "main": "index.js",
    "author": "lCherS <lucascherez.cl@gmail.com>",
    "license": "MIT"
  }

yarn manifest: 
  No manifest

Lockfile: 
  No lockfile
